c:\users\polin\onedrive\documents\visual studio 2019\projects\c++\sem_2\no_4.1(5)_oop\no_4.1(5)_oop\x64\debug\vc143.pdb
c:\users\polin\onedrive\documents\visual studio 2019\projects\c++\sem_2\no_4.1(5)_oop\no_4.1(5)_oop\x64\debug\vc143.idb
c:\users\polin\onedrive\documents\visual studio 2019\projects\c++\sem_2\no_4.1(5)_oop\no_4.1(5)_oop\x64\debug\textbox.obj
c:\users\polin\onedrive\documents\visual studio 2019\projects\c++\sem_2\no_4.1(5)_oop\no_4.1(5)_oop\x64\debug\shape.obj
c:\users\polin\onedrive\documents\visual studio 2019\projects\c++\sem_2\no_4.1(5)_oop\no_4.1(5)_oop\x64\debug\rectangle.obj
c:\users\polin\onedrive\documents\visual studio 2019\projects\c++\sem_2\no_4.1(5)_oop\no_4.1(5)_oop\x64\debug\object.obj
c:\users\polin\onedrive\documents\visual studio 2019\projects\c++\sem_2\no_4.1(5)_oop\no_4.1(5)_oop\x64\debug\main.obj
c:\users\polin\onedrive\documents\visual studio 2019\projects\c++\sem_2\no_4.1(5)_oop\no_4.1(5)_oop\x64\debug\hyperlinklabel.obj
c:\users\polin\onedrive\documents\visual studio 2019\projects\c++\sem_2\no_4.1(5)_oop\no_4.1(5)_oop\x64\debug\ellipse.obj
c:\users\polin\onedrive\documents\visual studio 2019\projects\c++\sem_2\no_4.1(5)_oop\no_4.1(5)_oop\x64\debug\button.obj
c:\users\polin\onedrive\documents\visual studio 2019\projects\c++\sem_2\no_4.1(5)_oop\x64\debug\no_4.1(5)_oop.pdb
c:\users\polin\onedrive\documents\visual studio 2019\projects\c++\sem_2\no_4.1(5)_oop\no_4.1(5)_oop\x64\debug\no_4.1(5)_oop.tlog\cl.command.1.tlog
c:\users\polin\onedrive\documents\visual studio 2019\projects\c++\sem_2\no_4.1(5)_oop\no_4.1(5)_oop\x64\debug\no_4.1(5)_oop.tlog\cl.read.1.tlog
c:\users\polin\onedrive\documents\visual studio 2019\projects\c++\sem_2\no_4.1(5)_oop\no_4.1(5)_oop\x64\debug\no_4.1(5)_oop.tlog\cl.write.1.tlog
c:\users\polin\onedrive\documents\visual studio 2019\projects\c++\sem_2\no_4.1(5)_oop\no_4.1(5)_oop\x64\debug\no_4.1(5)_oop.tlog\link-cvtres.read.1.tlog
c:\users\polin\onedrive\documents\visual studio 2019\projects\c++\sem_2\no_4.1(5)_oop\no_4.1(5)_oop\x64\debug\no_4.1(5)_oop.tlog\link-cvtres.write.1.tlog
c:\users\polin\onedrive\documents\visual studio 2019\projects\c++\sem_2\no_4.1(5)_oop\no_4.1(5)_oop\x64\debug\no_4.1(5)_oop.tlog\link-rc.read.1.tlog
c:\users\polin\onedrive\documents\visual studio 2019\projects\c++\sem_2\no_4.1(5)_oop\no_4.1(5)_oop\x64\debug\no_4.1(5)_oop.tlog\link-rc.write.1.tlog
c:\users\polin\onedrive\documents\visual studio 2019\projects\c++\sem_2\no_4.1(5)_oop\no_4.1(5)_oop\x64\debug\no_4.1(5)_oop.tlog\link.command.1.tlog
c:\users\polin\onedrive\documents\visual studio 2019\projects\c++\sem_2\no_4.1(5)_oop\no_4.1(5)_oop\x64\debug\no_4.1(5)_oop.tlog\link.read.1.tlog
c:\users\polin\onedrive\documents\visual studio 2019\projects\c++\sem_2\no_4.1(5)_oop\no_4.1(5)_oop\x64\debug\no_4.1(5)_oop.tlog\link.read.2.tlog
c:\users\polin\onedrive\documents\visual studio 2019\projects\c++\sem_2\no_4.1(5)_oop\no_4.1(5)_oop\x64\debug\no_4.1(5)_oop.tlog\link.write.1.tlog
